<?xml version="1.0" encoding="UTF-8"?>
<testsuite name="TestGreeting" tests="1" skipped="0" failures="0" errors="0" timestamp="2021-10-24T08:52:21" hostname="bukmop" time="0.041">
  <properties/>
  <testcase name="testFormatList()" classname="TestGreeting" time="0.041"/>
  <system-out><![CDATA[]]></system-out>
  <system-err><![CDATA[]]></system-err>
</testsuite>
