<?xml version="1.0" encoding="UTF-8"?>
<testsuite name="GreetingTest" tests="1" skipped="0" failures="0" errors="0" timestamp="2021-10-19T13:54:39" hostname="bukmop" time="0.046">
  <properties/>
  <testcase name="testFizzBuzz()" classname="GreetingTest" time="0.046"/>
  <system-out><![CDATA[]]></system-out>
  <system-err><![CDATA[]]></system-err>
</testsuite>
