<?xml version="1.0" encoding="UTF-8"?>
<testsuite name="TestMailer" tests="1" skipped="0" failures="0" errors="0" timestamp="2021-11-28T11:14:21" hostname="bukmop" time="0.954">
  <properties/>
  <testcase name="notCalledWithNullClient" classname="TestMailer" time="0.954"/>
  <system-out><![CDATA[]]></system-out>
  <system-err><![CDATA[]]></system-err>
</testsuite>
